<?xml version="1.0" encoding="UTF-8"?>
<!-- Generated by org.testng.reporters.JUnitReportReporter -->
<testsuite hostname="WKWIN4193427" name="CICD.DockerJenkins.TestOne" tests="3" failures="0" timestamp="31 Mar 2019 12:00:14 GMT" time="44.601" errors="0">
  <testcase name="captureScreenshot" time="9.674" classname="CICD.DockerJenkins.TestOne"/>
  <testcase name="brokenLinks" time="4.041" classname="CICD.DockerJenkins.TestOne"/>
  <testcase name="testEasy" time="30.886" classname="CICD.DockerJenkins.TestOne"/>
</testsuite> <!-- CICD.DockerJenkins.TestOne -->
